<?xml version="1.0" encoding="UTF-8"?>
<testsuite xmlns:xsi="http://www.w3.org/2001/XMLSchema-instance" xsi:noNamespaceSchemaLocation="https://maven.apache.org/surefire/maven-surefire-plugin/xsd/surefire-test-report.xsd" name="TestSuite" time="39.652" tests="8" errors="0" skipped="0" failures="0">
  <properties>
[...]
</properties>
  <testcase name="runScenario" classname="com.ea.SpringTestFramework.runner.TestRunner" time="37.359"/>
  <testcase name="runScenario" classname="com.ea.SpringTestFramework.runner.TestRunner" time="37.531"/>
  <testcase name="runScenario" classname="com.ea.SpringTestFramework.runner.TestRunner" time="37.62"/>
  <testcase name="runScenario" classname="com.ea.SpringTestFramework.runner.TestRunner" time="38.02"/>
  <testcase name="runScenario" classname="com.ea.SpringTestFramework.runner.TestRunner" time="38.022"/>
  <testcase name="runScenario" classname="com.ea.SpringTestFramework.runner.TestRunner" time="38.288"/>
  <testcase name="runScenario" classname="com.ea.SpringTestFramework.runner.TestRunner" time="38.469"/>
  <testcase name="runScenario" classname="com.ea.SpringTestFramework.runner.TestRunner" time="38.476"/>
</testsuite>